{
  "RSpec": {
    "coverage": {
      "/home/kasia/RubymineProjects/LabManager/app/controllers/categories_controller.rb": [
        null,
        null,
        1,
        1,
        1,
        null,
        1,
        0,
        0,
        null,
        null,
        1,
        null,
        1,
        0,
        null,
        null,
        1,
        0,
        0,
        0,
        null,
        0,
        0,
        null,
        null,
        null,
        1,
        null,
        1,
        0,
        0,
        null,
        0,
        null,
        null,
        null,
        1,
        0,
        0,
        null,
        null,
        1,
        null,
        1,
        0,
        null,
        null,
        1,
        0,
        null,
        null
      ],
      "/home/kasia/RubymineProjects/LabManager/app/controllers/application_controller.rb": [
        null,
        null,
        1,
        null
      ],
      "/home/kasia/RubymineProjects/LabManager/app/controllers/chemicals_controller.rb": [
        null,
        null,
        1,
        1,
        1,
        1,
        null,
        1,
        0,
        0,
        null,
        null,
        1,
        0,
        0,
        0,
        null,
        null,
        1,
        0,
        null,
        null,
        1,
        0,
        0,
        0,
        0,
        null,
        0,
        0,
        null,
        null,
        null,
        1,
        0,
        0,
        0,
        null,
        null,
        1,
        null,
        1,
        0,
        0,
        null,
        0,
        null,
        null,
        null,
        1,
        0,
        0,
        null,
        null,
        1,
        null,
        1,
        0,
        null,
        null,
        1,
        0,
        null,
        null,
        1,
        0,
        null,
        null,
        null,
        null,
        null,
        null,
        null,
        null,
        null,
        null
      ],
      "/home/kasia/RubymineProjects/LabManager/app/controllers/home_controller.rb": [
        null,
        null,
        1,
        1,
        null,
        1,
        0,
        0,
        null,
        null
      ],
      "/home/kasia/RubymineProjects/LabManager/app/controllers/items_controller.rb": [
        null,
        null,
        1,
        1,
        1,
        1,
        null,
        1,
        0,
        null,
        null,
        1,
        0,
        null,
        null,
        1,
        0,
        0,
        0,
        null,
        0,
        0,
        null,
        null,
        null,
        1,
        null,
        1,
        0,
        0,
        null,
        0,
        null,
        null,
        null,
        1,
        0,
        0,
        null,
        null,
        1,
        null,
        1,
        0,
        null,
        null,
        1,
        0,
        null,
        null,
        1,
        0,
        null,
        null,
        null,
        null,
        null,
        null,
        null,
        null,
        null
      ],
      "/home/kasia/RubymineProjects/LabManager/app/controllers/users/omniauth_callbacks_controller.rb": [
        null,
        null,
        1,
        1,
        1,
        null,
        1,
        0,
        0,
        null,
        0,
        0,
        0,
        null,
        0,
        0,
        null,
        null,
        1,
        1,
        null,
        1,
        0,
        0,
        null,
        null,
        1,
        null,
        1,
        0,
        null,
        null,
        1,
        0,
        null,
        null,
        1,
        0,
        null,
        null,
        1,
        0,
        null,
        null,
        1,
        0,
        null,
        null,
        1,
        0,
        null,
        null
      ],
      "/home/kasia/RubymineProjects/LabManager/app/controllers/safety_precautions_controller.rb": [
        null,
        null,
        1,
        1,
        1,
        1,
        null,
        1,
        0,
        0,
        0,
        null,
        null,
        1,
        0,
        null,
        null,
        1,
        0,
        null,
        null,
        1,
        0,
        0,
        0,
        null,
        0,
        0,
        null,
        null,
        null,
        1,
        null,
        1,
        0,
        0,
        null,
        0,
        null,
        null,
        null,
        1,
        0,
        0,
        null,
        null,
        1,
        null,
        1,
        0,
        null,
        null,
        1,
        0,
        null,
        null,
        1,
        0,
        null,
        null,
        null,
        null,
        null
      ],
      "/home/kasia/RubymineProjects/LabManager/app/decorators/category_decorator.rb": [
        null,
        null,
        1,
        1,
        null,
        1,
        1,
        null,
        null
      ],
      "/home/kasia/RubymineProjects/LabManager/app/models/category.rb": [
        null,
        null,
        1,
        1,
        1,
        1,
        1,
        null,
        1,
        null,
        1,
        4,
        null,
        null
      ],
      "/home/kasia/RubymineProjects/LabManager/app/decorators/chemical_decorator.rb": [
        null,
        null,
        1,
        1,
        1,
        1,
        null,
        null,
        null,
        null,
        null,
        null,
        null,
        null,
        null,
        1,
        0,
        null,
        null,
        1,
        0,
        0,
        null,
        null,
        1,
        0,
        0,
        null,
        null,
        1,
        0,
        null,
        null,
        1,
        0,
        null,
        null,
        1,
        0,
        null,
        null,
        1,
        null,
        null,
        null,
        null
      ],
      "/home/kasia/RubymineProjects/LabManager/app/decorators/base_decorator.rb": [
        null,
        null,
        1,
        1,
        1,
        null
      ],
      "/home/kasia/RubymineProjects/LabManager/app/models/chemical.rb": [
        null,
        null,
        1,
        1,
        1,
        null,
        1,
        null,
        1,
        1,
        1,
        1,
        1,
        1,
        1,
        null,
        1,
        1,
        null,
        1,
        null,
        1,
        null,
        1,
        4,
        null,
        null
      ],
      "/home/kasia/RubymineProjects/LabManager/app/validators/cas_number_validator.rb": [
        null,
        null,
        1,
        1,
        1,
        null,
        1,
        12,
        12,
        null,
        12,
        12,
        null,
        12,
        null,
        null,
        1,
        null,
        1,
        12,
        null,
        null,
        1,
        12,
        12,
        12,
        60,
        null,
        12,
        null,
        null
      ],
      "/home/kasia/RubymineProjects/LabManager/app/uploaders/formula_file_uploader.rb": [
        null,
        null,
        1,
        1,
        1,
        null,
        1,
        null,
        1,
        1,
        null,
        null,
        1,
        0,
        null,
        null,
        1,
        0,
        null,
        null,
        1,
        0,
        null,
        null,
        1,
        0,
        null,
        null
      ],
      "/home/kasia/RubymineProjects/LabManager/app/decorators/home_decorator.rb": [
        null,
        null,
        1,
        1,
        null,
        1,
        0,
        null,
        null,
        1,
        0,
        null,
        null
      ],
      "/home/kasia/RubymineProjects/LabManager/app/decorators/item_decorator.rb": [
        null,
        null,
        1,
        1,
        null,
        1,
        0,
        null,
        null,
        1,
        0,
        null,
        null,
        1,
        0,
        null,
        null
      ],
      "/home/kasia/RubymineProjects/LabManager/app/models/item.rb": [
        null,
        null,
        1,
        1,
        null,
        1,
        null
      ],
      "/home/kasia/RubymineProjects/LabManager/app/decorators/safety_precaution_decorator.rb": [
        null,
        null,
        1,
        1,
        1,
        null,
        1,
        0,
        null,
        null
      ],
      "/home/kasia/RubymineProjects/LabManager/app/models/safety_precaution.rb": [
        null,
        null,
        1,
        1,
        null,
        1,
        null,
        1,
        0,
        null,
        null
      ],
      "/home/kasia/RubymineProjects/LabManager/app/uploaders/sds_file_uploader.rb": [
        null,
        null,
        1,
        1,
        1,
        null,
        1,
        0,
        null,
        null,
        1,
        0,
        null,
        null,
        1,
        0,
        null,
        null,
        1,
        0,
        null,
        null
      ],
      "/home/kasia/RubymineProjects/LabManager/app/models/user_provider.rb": [
        null,
        null,
        1,
        1,
        null,
        1,
        1,
        null,
        null
      ],
      "/home/kasia/RubymineProjects/LabManager/app/models/omniauth_providers/finder.rb": [
        null,
        null,
        1,
        1,
        1,
        1,
        null,
        1,
        0,
        null,
        null,
        1,
        0,
        null,
        null,
        1,
        0,
        0,
        null,
        0,
        null,
        null,
        null,
        1,
        null,
        1,
        0,
        null,
        null,
        1,
        null,
        1,
        0,
        null,
        null,
        1,
        0,
        null,
        null,
        1,
        0,
        0,
        0,
        0,
        0,
        null,
        null,
        0,
        0,
        null,
        null,
        null
      ],
      "/home/kasia/RubymineProjects/LabManager/app/models/application_record.rb": [
        null,
        null,
        0,
        0,
        0
      ],
      "/home/kasia/RubymineProjects/LabManager/app/models/omniauth_providers/builder.rb": [
        null,
        null,
        0,
        0,
        0,
        0,
        null,
        0,
        0,
        0,
        0,
        null,
        0,
        0,
        0,
        null,
        0,
        null,
        0,
        0,
        null,
        0,
        0,
        0,
        null,
        0,
        0,
        0,
        0
      ],
      "/home/kasia/RubymineProjects/LabManager/app/models/user.rb": [
        null,
        null,
        0,
        0,
        0,
        null,
        0,
        0,
        null,
        0,
        null,
        0,
        0,
        0,
        0,
        0,
        0,
        0,
        null,
        0,
        0,
        0,
        0
      ],
      "/home/kasia/RubymineProjects/LabManager/app/channels/application_cable/connection.rb": [
        null,
        null,
        0,
        0,
        0,
        0
      ],
      "/home/kasia/RubymineProjects/LabManager/app/channels/application_cable/channel.rb": [
        null,
        null,
        0,
        0,
        0,
        0
      ],
      "/home/kasia/RubymineProjects/LabManager/app/mailers/application_mailer.rb": [
        null,
        null,
        0,
        0,
        0,
        0
      ],
      "/home/kasia/RubymineProjects/LabManager/app/helpers/items_helper.rb": [
        null,
        null,
        0,
        0
      ],
      "/home/kasia/RubymineProjects/LabManager/app/helpers/application_helper.rb": [
        null,
        null,
        0,
        0,
        0,
        0,
        0
      ],
      "/home/kasia/RubymineProjects/LabManager/app/helpers/safety_precautions_helper.rb": [
        null,
        null,
        0,
        0
      ],
      "/home/kasia/RubymineProjects/LabManager/app/helpers/chemicals_helper.rb": [
        null,
        null,
        0,
        0
      ],
      "/home/kasia/RubymineProjects/LabManager/app/helpers/user_helper_helper.rb": [
        null,
        null,
        0,
        0,
        0,
        0,
        0
      ],
      "/home/kasia/RubymineProjects/LabManager/app/helpers/home_helper.rb": [
        null,
        null,
        0,
        0
      ],
      "/home/kasia/RubymineProjects/LabManager/app/helpers/hazards_and_safety_info_helper.rb": [
        null,
        null,
        0,
        0
      ],
      "/home/kasia/RubymineProjects/LabManager/app/helpers/categories_helper.rb": [
        null,
        null,
        0,
        0
      ],
      "/home/kasia/RubymineProjects/LabManager/app/helpers/locations_helper.rb": [
        null,
        null,
        0,
        0
      ],
      "/home/kasia/RubymineProjects/LabManager/app/controllers/users/sessions_controller.rb": [
        null,
        null,
        0,
        0,
        null,
        null,
        0,
        0,
        0,
        null,
        null,
        0,
        0,
        0,
        null,
        null,
        0,
        0,
        0,
        null,
        0,
        null,
        null,
        0,
        0,
        0,
        0
      ],
      "/home/kasia/RubymineProjects/LabManager/app/controllers/users/unlocks_controller.rb": [
        null,
        null,
        0,
        null,
        0,
        0,
        0,
        null,
        null,
        0,
        0,
        0,
        null,
        null,
        0,
        0,
        0,
        null,
        0,
        null,
        null,
        0,
        0,
        0,
        null,
        null,
        0,
        0,
        0,
        0
      ],
      "/home/kasia/RubymineProjects/LabManager/app/controllers/users/confirmations_controller.rb": [
        null,
        null,
        0,
        null,
        0,
        0,
        0,
        null,
        null,
        0,
        0,
        0,
        null,
        null,
        0,
        0,
        0,
        null,
        null,
        null,
        null,
        0,
        0,
        0,
        null,
        null,
        0,
        0,
        0,
        0,
        0
      ],
      "/home/kasia/RubymineProjects/LabManager/app/controllers/users/registrations_controller.rb": [
        null,
        null,
        0,
        0,
        0,
        null,
        null,
        0,
        0,
        0,
        null,
        null,
        0,
        0,
        0,
        null,
        null,
        0,
        0,
        0,
        null,
        null,
        0,
        0,
        0,
        null,
        null,
        0,
        0,
        0,
        null,
        null,
        null,
        null,
        null,
        null,
        0,
        0,
        0,
        null,
        null,
        null,
        null,
        0,
        0,
        0,
        null,
        null,
        0,
        0,
        0,
        null,
        null,
        0,
        0,
        0,
        null,
        null,
        0,
        0,
        0,
        0
      ],
      "/home/kasia/RubymineProjects/LabManager/app/controllers/users/passwords_controller.rb": [
        null,
        null,
        0,
        null,
        0,
        0,
        0,
        null,
        null,
        0,
        0,
        0,
        null,
        null,
        0,
        0,
        0,
        null,
        null,
        0,
        0,
        0,
        null,
        null,
        null,
        0,
        0,
        0,
        null,
        null,
        0,
        0,
        0,
        0
      ],
      "/home/kasia/RubymineProjects/LabManager/app/jobs/application_job.rb": [
        null,
        null,
        0,
        0
      ],
      "/home/kasia/RubymineProjects/LabManager/app/decorators/user_decorator.rb": [
        null,
        null,
        0,
        null,
        null,
        0
      ],
      "/home/kasia/RubymineProjects/LabManager/app/services/safety_precautions_services/msds_download_service.rb": [
        null,
        null,
        0,
        0,
        0,
        0,
        0,
        null,
        0,
        0,
        0,
        0,
        0
      ],
      "/home/kasia/RubymineProjects/LabManager/app/services/chemical_services/file_download_service.rb": [
        null,
        null,
        0,
        0,
        0,
        0,
        0,
        null,
        0,
        0,
        0,
        0,
        0
      ],
      "/home/kasia/RubymineProjects/LabManager/app/services/chemical_services/pub_chem_service.rb": [
        null,
        null,
        0,
        0,
        0,
        null,
        0,
        null,
        0,
        null,
        0,
        0,
        0,
        null,
        0,
        0,
        0,
        0,
        0,
        0,
        0,
        0,
        0,
        null,
        null,
        null,
        null,
        null,
        null,
        0,
        0,
        0,
        0,
        0,
        0,
        0,
        0,
        0,
        null,
        0,
        0,
        0,
        0,
        null,
        0,
        0,
        0,
        null,
        0,
        0,
        0,
        null,
        0,
        0,
        0,
        null,
        0,
        0,
        0,
        null,
        0,
        0,
        0,
        0,
        0
      ]
    },
    "timestamp": 1551651456
  }
}
